[ 2018-12-29T21:25:52+08:00 ] 127.0.0.1 /home/company/companyPrize.html
ERR: 非法操作:companyprize

[ 2018-12-29T21:25:54+08:00 ] 127.0.0.1 /home/company/companyPrize.html
ERR: 非法操作:companyprize

[ 2018-12-29T21:25:54+08:00 ] 127.0.0.1 /home/company/companyPrize.html
ERR: 非法操作:companyprize

[ 2018-12-29T21:25:54+08:00 ] 127.0.0.1 /home/company/companyPrize.html
ERR: 非法操作:companyprize

[ 2018-12-29T21:25:58+08:00 ] 127.0.0.1 /home/company/companyprofile.html
ERR: 非法操作:companyprofile

[ 2018-12-29T21:28:17+08:00 ] 127.0.0.1 /home/team/index
ERR: 非法操作:index

[ 2018-12-29T21:35:51+08:00 ] 127.0.0.1 /home/team/index.html
ERR: 非法操作:index

[ 2018-12-29T21:37:50+08:00 ] 127.0.0.1 /home/team/designTeam.html
ERR: 非法操作:designteam

[ 2018-12-29T21:39:30+08:00 ] 127.0.0.1 /home/company/companyprofile.html
ERR: 非法操作:companyprofile

[ 2018-12-29T21:41:19+08:00 ] 127.0.0.1 /index.php?s=/admin/public/login.html
INFO: [ app_begin ] --START--
INFO: Run Think\Behavior\ReadHtmlCache [ RunTime:0.001000s ]
INFO: [ app_begin ] --END-- [ RunTime:0.001000s ]
INFO: [ action_begin ] --START--
INFO: [ action_begin ] --END-- [ RunTime:0.000000s ]
NOTIC: [8192] mysql_connect(): The mysql extension is deprecated and will be removed in the future: use mysqli or PDO instead D:\wamp\www\ThinkPHP\Library\Think\Db\Driver\Mysql.class.php 第 52 行.
ERR: Unknown database 'max'

[ 2018-12-29T21:41:22+08:00 ] 127.0.0.1 /index.php?s=/admin/public/login.html
INFO: [ app_begin ] --START--
INFO: Run Think\Behavior\ReadHtmlCache [ RunTime:0.000000s ]
INFO: [ app_begin ] --END-- [ RunTime:0.001000s ]
INFO: [ action_begin ] --START--
INFO: [ action_begin ] --END-- [ RunTime:0.000000s ]

[ 2018-12-29T21:41:29+08:00 ] 127.0.0.1 /index.php?s=/admin/public/login.html
INFO: [ app_begin ] --START--
INFO: Run Think\Behavior\ReadHtmlCache [ RunTime:0.000000s ]
INFO: [ app_begin ] --END-- [ RunTime:0.001000s ]
INFO: [ action_begin ] --START--
INFO: [ action_begin ] --END-- [ RunTime:0.000000s ]
NOTIC: [8192] mysql_connect(): The mysql extension is deprecated and will be removed in the future: use mysqli or PDO instead D:\wamp\www\ThinkPHP\Library\Think\Db\Driver\Mysql.class.php 第 52 行.
ERR: Unknown database 'max'

[ 2018-12-29T21:41:31+08:00 ] 127.0.0.1 /index.php?s=/admin/public/login.html
INFO: [ app_begin ] --START--
INFO: Run Think\Behavior\ReadHtmlCache [ RunTime:0.001000s ]
INFO: [ app_begin ] --END-- [ RunTime:0.001000s ]
INFO: [ action_begin ] --START--
INFO: [ action_begin ] --END-- [ RunTime:0.000000s ]

[ 2018-12-29T21:41:39+08:00 ] 127.0.0.1 /index.php?s=/admin/public/login.html
INFO: [ app_begin ] --START--
INFO: Run Think\Behavior\ReadHtmlCache [ RunTime:0.000000s ]
INFO: [ app_begin ] --END-- [ RunTime:0.001000s ]
INFO: [ action_begin ] --START--
INFO: [ action_begin ] --END-- [ RunTime:0.000000s ]

[ 2018-12-29T21:41:42+08:00 ] 127.0.0.1 /index.php?s=/admin/public/login.html
INFO: [ app_begin ] --START--
INFO: Run Think\Behavior\ReadHtmlCache [ RunTime:0.000000s ]
INFO: [ app_begin ] --END-- [ RunTime:0.001000s ]
INFO: [ action_begin ] --START--
INFO: [ action_begin ] --END-- [ RunTime:0.000000s ]

[ 2018-12-29T21:41:43+08:00 ] 127.0.0.1 /index.php?s=/admin/public/login.html
INFO: [ app_begin ] --START--
INFO: Run Think\Behavior\ReadHtmlCache [ RunTime:0.001000s ]
INFO: [ app_begin ] --END-- [ RunTime:0.001000s ]
INFO: [ action_begin ] --START--
INFO: [ action_begin ] --END-- [ RunTime:0.001000s ]

[ 2018-12-29T21:41:43+08:00 ] 127.0.0.1 /index.php?s=/admin/public/login.html
INFO: [ app_begin ] --START--
INFO: Run Think\Behavior\ReadHtmlCache [ RunTime:0.001000s ]
INFO: [ app_begin ] --END-- [ RunTime:0.001000s ]
INFO: [ action_begin ] --START--
INFO: [ action_begin ] --END-- [ RunTime:0.000000s ]

[ 2018-12-29T21:41:43+08:00 ] 127.0.0.1 /index.php?s=/admin/public/login.html
INFO: [ app_begin ] --START--
INFO: Run Think\Behavior\ReadHtmlCache [ RunTime:0.000000s ]
INFO: [ app_begin ] --END-- [ RunTime:0.001000s ]
INFO: [ action_begin ] --START--
INFO: [ action_begin ] --END-- [ RunTime:0.000000s ]

[ 2018-12-29T21:41:43+08:00 ] 127.0.0.1 /index.php?s=/admin/public/login.html
INFO: [ app_begin ] --START--
INFO: Run Think\Behavior\ReadHtmlCache [ RunTime:0.001000s ]
INFO: [ app_begin ] --END-- [ RunTime:0.001000s ]
INFO: [ action_begin ] --START--
INFO: [ action_begin ] --END-- [ RunTime:0.000000s ]

[ 2018-12-29T21:41:43+08:00 ] 127.0.0.1 /index.php?s=/admin/public/login.html
INFO: [ app_begin ] --START--
INFO: Run Think\Behavior\ReadHtmlCache [ RunTime:0.000000s ]
INFO: [ app_begin ] --END-- [ RunTime:0.000000s ]
INFO: [ action_begin ] --START--
INFO: [ action_begin ] --END-- [ RunTime:0.000000s ]

[ 2018-12-29T21:41:43+08:00 ] 127.0.0.1 /index.php?s=/admin/public/login.html
INFO: [ app_begin ] --START--
INFO: Run Think\Behavior\ReadHtmlCache [ RunTime:0.000000s ]
INFO: [ app_begin ] --END-- [ RunTime:0.001000s ]
INFO: [ action_begin ] --START--
INFO: [ action_begin ] --END-- [ RunTime:0.001000s ]

[ 2018-12-29T21:41:53+08:00 ] 127.0.0.1 /index.php?s=/admin/public/login.html
INFO: [ app_begin ] --START--
INFO: Run Think\Behavior\ReadHtmlCache [ RunTime:0.001000s ]
INFO: [ app_begin ] --END-- [ RunTime:0.002000s ]
INFO: [ action_begin ] --START--
INFO: [ action_begin ] --END-- [ RunTime:0.001000s ]

[ 2018-12-29T21:42:07+08:00 ] 127.0.0.1 /index.php?s=/admin/public/login.html
INFO: [ app_begin ] --START--
INFO: Run Think\Behavior\ReadHtmlCache [ RunTime:0.000000s ]
INFO: [ app_begin ] --END-- [ RunTime:0.000000s ]
INFO: [ action_begin ] --START--
INFO: [ action_begin ] --END-- [ RunTime:0.000000s ]
NOTIC: [8192] mysql_connect(): The mysql extension is deprecated and will be removed in the future: use mysqli or PDO instead D:\wamp\www\ThinkPHP\Library\Think\Db\Driver\Mysql.class.php 第 52 行.
ERR: Unknown database 'max'

[ 2018-12-29T21:42:08+08:00 ] 127.0.0.1 /index.php?s=/admin/public/login.html
INFO: [ app_begin ] --START--
INFO: Run Think\Behavior\ReadHtmlCache [ RunTime:0.000000s ]
INFO: [ app_begin ] --END-- [ RunTime:0.001000s ]
INFO: [ action_begin ] --START--
INFO: [ action_begin ] --END-- [ RunTime:0.000000s ]

[ 2018-12-29T21:42:08+08:00 ] 127.0.0.1 /index.php?s=/admin/public/login.html
INFO: [ app_begin ] --START--
INFO: Run Think\Behavior\ReadHtmlCache [ RunTime:0.000000s ]
INFO: [ app_begin ] --END-- [ RunTime:0.001000s ]
INFO: [ action_begin ] --START--
INFO: [ action_begin ] --END-- [ RunTime:0.000000s ]

[ 2018-12-29T21:42:08+08:00 ] 127.0.0.1 /index.php?s=/admin/public/login.html
INFO: [ app_begin ] --START--
INFO: Run Think\Behavior\ReadHtmlCache [ RunTime:0.000000s ]
INFO: [ app_begin ] --END-- [ RunTime:0.001000s ]
INFO: [ action_begin ] --START--
INFO: [ action_begin ] --END-- [ RunTime:0.000000s ]

[ 2018-12-29T21:42:08+08:00 ] 127.0.0.1 /index.php?s=/admin/public/login.html
INFO: [ app_begin ] --START--
INFO: Run Think\Behavior\ReadHtmlCache [ RunTime:0.000000s ]
INFO: [ app_begin ] --END-- [ RunTime:0.001000s ]
INFO: [ action_begin ] --START--
INFO: [ action_begin ] --END-- [ RunTime:0.000000s ]

[ 2018-12-29T21:42:09+08:00 ] 127.0.0.1 /index.php?s=/admin/public/login.html
INFO: [ app_begin ] --START--
INFO: Run Think\Behavior\ReadHtmlCache [ RunTime:0.000000s ]
INFO: [ app_begin ] --END-- [ RunTime:0.001000s ]
INFO: [ action_begin ] --START--
INFO: [ action_begin ] --END-- [ RunTime:0.000000s ]

[ 2018-12-29T21:42:09+08:00 ] 127.0.0.1 /index.php?s=/admin/public/login.html
INFO: [ app_begin ] --START--
INFO: Run Think\Behavior\ReadHtmlCache [ RunTime:0.000000s ]
INFO: [ app_begin ] --END-- [ RunTime:0.001000s ]
INFO: [ action_begin ] --START--
INFO: [ action_begin ] --END-- [ RunTime:0.000000s ]

[ 2018-12-29T21:42:09+08:00 ] 127.0.0.1 /index.php?s=/admin/public/login.html
INFO: [ app_begin ] --START--
INFO: Run Think\Behavior\ReadHtmlCache [ RunTime:0.000000s ]
INFO: [ app_begin ] --END-- [ RunTime:0.000000s ]
INFO: [ action_begin ] --START--
INFO: [ action_begin ] --END-- [ RunTime:0.000000s ]

[ 2018-12-29T21:42:09+08:00 ] 127.0.0.1 /index.php?s=/admin/public/login.html
INFO: [ app_begin ] --START--
INFO: Run Think\Behavior\ReadHtmlCache [ RunTime:0.000000s ]
INFO: [ app_begin ] --END-- [ RunTime:0.000000s ]
INFO: [ action_begin ] --START--
INFO: [ action_begin ] --END-- [ RunTime:0.000000s ]

[ 2018-12-29T21:42:28+08:00 ] 127.0.0.1 /index.php?s=/admin/public/login.html
INFO: [ app_begin ] --START--
INFO: Run Think\Behavior\ReadHtmlCache [ RunTime:0.000000s ]
INFO: [ app_begin ] --END-- [ RunTime:0.001000s ]
INFO: [ action_begin ] --START--
INFO: [ action_begin ] --END-- [ RunTime:0.000000s ]
NOTIC: [8192] mysql_connect(): The mysql extension is deprecated and will be removed in the future: use mysqli or PDO instead D:\wamp\www\ThinkPHP\Library\Think\Db\Driver\Mysql.class.php 第 52 行.
ERR: Unknown database 'max'

[ 2018-12-29T21:42:32+08:00 ] 127.0.0.1 /index.php?s=/admin/public/login.html
INFO: [ app_begin ] --START--
INFO: Run Think\Behavior\ReadHtmlCache [ RunTime:0.001001s ]
INFO: [ app_begin ] --END-- [ RunTime:0.001001s ]
INFO: [ action_begin ] --START--
INFO: [ action_begin ] --END-- [ RunTime:0.000000s ]

[ 2018-12-29T21:42:34+08:00 ] 127.0.0.1 /index.php?s=/admin/public/login.html
INFO: [ app_begin ] --START--
INFO: Run Think\Behavior\ReadHtmlCache [ RunTime:0.001001s ]
INFO: [ app_begin ] --END-- [ RunTime:0.001001s ]
INFO: [ action_begin ] --START--
INFO: [ action_begin ] --END-- [ RunTime:0.000000s ]

[ 2018-12-29T21:42:34+08:00 ] 127.0.0.1 /index.php?s=/admin/public/login.html
INFO: [ app_begin ] --START--
INFO: Run Think\Behavior\ReadHtmlCache [ RunTime:0.000000s ]
INFO: [ app_begin ] --END-- [ RunTime:0.001000s ]
INFO: [ action_begin ] --START--
INFO: [ action_begin ] --END-- [ RunTime:0.000000s ]

[ 2018-12-29T21:42:38+08:00 ] 127.0.0.1 /index.php?s=/admin/public/login.html
INFO: [ app_begin ] --START--
INFO: Run Think\Behavior\ReadHtmlCache [ RunTime:0.000000s ]
INFO: [ app_begin ] --END-- [ RunTime:0.001000s ]
INFO: [ action_begin ] --START--
INFO: [ action_begin ] --END-- [ RunTime:0.000000s ]

[ 2018-12-29T21:42:45+08:00 ] 127.0.0.1 /index.php?s=/admin/public/login.html
INFO: [ app_begin ] --START--
INFO: Run Think\Behavior\ReadHtmlCache [ RunTime:0.000000s ]
INFO: [ app_begin ] --END-- [ RunTime:0.001000s ]
INFO: [ action_begin ] --START--
INFO: [ action_begin ] --END-- [ RunTime:0.000000s ]
NOTIC: [8192] mysql_connect(): The mysql extension is deprecated and will be removed in the future: use mysqli or PDO instead D:\wamp\www\ThinkPHP\Library\Think\Db\Driver\Mysql.class.php 第 52 行.
ERR: Unknown database 'max'

[ 2018-12-29T21:42:46+08:00 ] 127.0.0.1 /index.php?s=/admin/public/login.html
INFO: [ app_begin ] --START--
INFO: Run Think\Behavior\ReadHtmlCache [ RunTime:0.000000s ]
INFO: [ app_begin ] --END-- [ RunTime:0.001000s ]
INFO: [ action_begin ] --START--
INFO: [ action_begin ] --END-- [ RunTime:0.000000s ]

[ 2018-12-29T21:42:47+08:00 ] 127.0.0.1 /index.php?s=/admin/public/login.html
INFO: [ app_begin ] --START--
INFO: Run Think\Behavior\ReadHtmlCache [ RunTime:0.000000s ]
INFO: [ app_begin ] --END-- [ RunTime:0.001000s ]
INFO: [ action_begin ] --START--
INFO: [ action_begin ] --END-- [ RunTime:0.000000s ]

[ 2018-12-29T21:42:47+08:00 ] 127.0.0.1 /index.php?s=/admin/public/login.html
INFO: [ app_begin ] --START--
INFO: Run Think\Behavior\ReadHtmlCache [ RunTime:0.001000s ]
INFO: [ app_begin ] --END-- [ RunTime:0.001000s ]
INFO: [ action_begin ] --START--
INFO: [ action_begin ] --END-- [ RunTime:0.000000s ]

[ 2018-12-29T21:42:47+08:00 ] 127.0.0.1 /index.php?s=/admin/public/login.html
INFO: [ app_begin ] --START--
INFO: Run Think\Behavior\ReadHtmlCache [ RunTime:0.000000s ]
INFO: [ app_begin ] --END-- [ RunTime:0.001000s ]
INFO: [ action_begin ] --START--
INFO: [ action_begin ] --END-- [ RunTime:0.000000s ]

[ 2018-12-29T21:42:47+08:00 ] 127.0.0.1 /index.php?s=/admin/public/login.html
INFO: [ app_begin ] --START--
INFO: Run Think\Behavior\ReadHtmlCache [ RunTime:0.000000s ]
INFO: [ app_begin ] --END-- [ RunTime:0.001000s ]
INFO: [ action_begin ] --START--
INFO: [ action_begin ] --END-- [ RunTime:0.000000s ]

[ 2018-12-29T21:42:47+08:00 ] 127.0.0.1 /index.php?s=/admin/public/login.html
INFO: [ app_begin ] --START--
INFO: Run Think\Behavior\ReadHtmlCache [ RunTime:0.001000s ]
INFO: [ app_begin ] --END-- [ RunTime:0.002000s ]
INFO: [ action_begin ] --START--
INFO: [ action_begin ] --END-- [ RunTime:0.000000s ]

[ 2018-12-29T21:42:47+08:00 ] 127.0.0.1 /index.php?s=/admin/public/login.html
INFO: [ app_begin ] --START--
INFO: Run Think\Behavior\ReadHtmlCache [ RunTime:0.000000s ]
INFO: [ app_begin ] --END-- [ RunTime:0.001000s ]
INFO: [ action_begin ] --START--
INFO: [ action_begin ] --END-- [ RunTime:0.000000s ]

[ 2018-12-29T21:43:40+08:00 ] 127.0.0.1 /admin/index.php
ERR: 无法加载控制器:Index.php

[ 2018-12-29T21:44:01+08:00 ] 127.0.0.1 /admin/public/login.html
INFO: [ app_begin ] --START--
INFO: Run Think\Behavior\ReadHtmlCache [ RunTime:0.001000s ]
INFO: [ app_begin ] --END-- [ RunTime:0.001000s ]
INFO: [ action_begin ] --START--
INFO: [ action_begin ] --END-- [ RunTime:0.000000s ]
NOTIC: [8192] mysql_connect(): The mysql extension is deprecated and will be removed in the future: use mysqli or PDO instead D:\wamp\www\ThinkPHP\Library\Think\Db\Driver\Mysql.class.php 第 52 行.
ERR: Unknown database 'max'

[ 2018-12-29T21:44:05+08:00 ] 127.0.0.1 /admin/public/login.html
INFO: [ app_begin ] --START--
INFO: Run Think\Behavior\ReadHtmlCache [ RunTime:0.000000s ]
INFO: [ app_begin ] --END-- [ RunTime:0.001000s ]
INFO: [ action_begin ] --START--
INFO: [ action_begin ] --END-- [ RunTime:0.000000s ]

[ 2018-12-29T21:44:05+08:00 ] 127.0.0.1 /admin/public/login.html
INFO: [ app_begin ] --START--
INFO: Run Think\Behavior\ReadHtmlCache [ RunTime:0.000000s ]
INFO: [ app_begin ] --END-- [ RunTime:0.000000s ]
INFO: [ action_begin ] --START--
INFO: [ action_begin ] --END-- [ RunTime:0.000000s ]

[ 2018-12-29T21:44:06+08:00 ] 127.0.0.1 /admin/public/login.html
INFO: [ app_begin ] --START--
INFO: Run Think\Behavior\ReadHtmlCache [ RunTime:0.000000s ]
INFO: [ app_begin ] --END-- [ RunTime:0.001000s ]
INFO: [ action_begin ] --START--
INFO: [ action_begin ] --END-- [ RunTime:0.000000s ]

[ 2018-12-29T21:44:06+08:00 ] 127.0.0.1 /admin/public/login.html
INFO: [ app_begin ] --START--
INFO: Run Think\Behavior\ReadHtmlCache [ RunTime:0.000000s ]
INFO: [ app_begin ] --END-- [ RunTime:0.001000s ]
INFO: [ action_begin ] --START--
INFO: [ action_begin ] --END-- [ RunTime:0.000000s ]

[ 2018-12-29T21:44:06+08:00 ] 127.0.0.1 /admin/public/login.html
INFO: [ app_begin ] --START--
INFO: Run Think\Behavior\ReadHtmlCache [ RunTime:0.000000s ]
INFO: [ app_begin ] --END-- [ RunTime:0.000000s ]
INFO: [ action_begin ] --START--
INFO: [ action_begin ] --END-- [ RunTime:0.000000s ]

[ 2018-12-29T21:44:06+08:00 ] 127.0.0.1 /admin/public/login.html
INFO: [ app_begin ] --START--
INFO: Run Think\Behavior\ReadHtmlCache [ RunTime:0.001000s ]
INFO: [ app_begin ] --END-- [ RunTime:0.001000s ]
INFO: [ action_begin ] --START--
INFO: [ action_begin ] --END-- [ RunTime:0.000000s ]

[ 2018-12-29T21:44:08+08:00 ] 127.0.0.1 /admin/public/login.html
INFO: [ app_begin ] --START--
INFO: Run Think\Behavior\ReadHtmlCache [ RunTime:0.000000s ]
INFO: [ app_begin ] --END-- [ RunTime:0.000000s ]
INFO: [ action_begin ] --START--
INFO: [ action_begin ] --END-- [ RunTime:0.000000s ]

[ 2018-12-29T21:44:15+08:00 ] 127.0.0.1 /admin/public/login.html
INFO: [ app_begin ] --START--
INFO: Run Think\Behavior\ReadHtmlCache [ RunTime:0.000000s ]
INFO: [ app_begin ] --END-- [ RunTime:0.000000s ]
INFO: [ action_begin ] --START--
INFO: [ action_begin ] --END-- [ RunTime:0.000000s ]
NOTIC: [8192] mysql_connect(): The mysql extension is deprecated and will be removed in the future: use mysqli or PDO instead D:\wamp\www\ThinkPHP\Library\Think\Db\Driver\Mysql.class.php 第 52 行.
ERR: Unknown database 'max'

[ 2018-12-29T21:44:17+08:00 ] 127.0.0.1 /admin/public/login.html
INFO: [ app_begin ] --START--
INFO: Run Think\Behavior\ReadHtmlCache [ RunTime:0.000000s ]
INFO: [ app_begin ] --END-- [ RunTime:0.001000s ]
INFO: [ action_begin ] --START--
INFO: [ action_begin ] --END-- [ RunTime:0.000000s ]

[ 2018-12-29T21:44:17+08:00 ] 127.0.0.1 /admin/public/login.html
INFO: [ app_begin ] --START--
INFO: Run Think\Behavior\ReadHtmlCache [ RunTime:0.001000s ]
INFO: [ app_begin ] --END-- [ RunTime:0.001000s ]
INFO: [ action_begin ] --START--
INFO: [ action_begin ] --END-- [ RunTime:0.000000s ]

[ 2018-12-29T21:44:17+08:00 ] 127.0.0.1 /admin/public/login.html
INFO: [ app_begin ] --START--
INFO: Run Think\Behavior\ReadHtmlCache [ RunTime:0.000000s ]
INFO: [ app_begin ] --END-- [ RunTime:0.001000s ]
INFO: [ action_begin ] --START--
INFO: [ action_begin ] --END-- [ RunTime:0.000000s ]

[ 2018-12-29T21:44:28+08:00 ] 127.0.0.1 /admin/public/login.html
INFO: [ app_begin ] --START--
INFO: Run Think\Behavior\ReadHtmlCache [ RunTime:0.000000s ]
INFO: [ app_begin ] --END-- [ RunTime:0.001000s ]
INFO: [ action_begin ] --START--
INFO: [ action_begin ] --END-- [ RunTime:0.000000s ]
NOTIC: [8192] mysql_connect(): The mysql extension is deprecated and will be removed in the future: use mysqli or PDO instead D:\wamp\www\ThinkPHP\Library\Think\Db\Driver\Mysql.class.php 第 52 行.
ERR: Unknown database 'max'

[ 2018-12-29T21:45:00+08:00 ] 127.0.0.1 /index.php/admin/public/login.html
INFO: [ app_begin ] --START--
INFO: Run Think\Behavior\ReadHtmlCache [ RunTime:0.000000s ]
INFO: [ app_begin ] --END-- [ RunTime:0.001000s ]
INFO: [ action_begin ] --START--
INFO: [ action_begin ] --END-- [ RunTime:0.000000s ]
NOTIC: [8192] mysql_connect(): The mysql extension is deprecated and will be removed in the future: use mysqli or PDO instead D:\wamp\www\ThinkPHP\Library\Think\Db\Driver\Mysql.class.php 第 52 行.
ERR: Unknown database 'max'

[ 2018-12-29T21:45:07+08:00 ] 127.0.0.1 /index.php/admin/public/
ERR: 非法操作:index

[ 2018-12-29T21:47:02+08:00 ] 127.0.0.1 /index.php/admin/public/login.html
INFO: [ app_begin ] --START--
INFO: Run Think\Behavior\ReadHtmlCache [ RunTime:0.000000s ]
INFO: [ app_begin ] --END-- [ RunTime:0.001000s ]
INFO: [ action_begin ] --START--
INFO: [ action_begin ] --END-- [ RunTime:0.000000s ]

[ 2018-12-29T21:47:09+08:00 ] 127.0.0.1 /index.php/admin/public/login.html
INFO: [ app_begin ] --START--
INFO: Run Think\Behavior\ReadHtmlCache [ RunTime:0.000000s ]
INFO: [ app_begin ] --END-- [ RunTime:0.001000s ]
INFO: [ action_begin ] --START--
INFO: [ action_begin ] --END-- [ RunTime:0.000000s ]
NOTIC: [8192] mysql_connect(): The mysql extension is deprecated and will be removed in the future: use mysqli or PDO instead D:\wamp\www\ThinkPHP\Library\Think\Db\Driver\Mysql.class.php 第 52 行.
ERR: Unknown database 'max'

[ 2018-12-29T21:47:10+08:00 ] 127.0.0.1 /index.php/admin/public/login.html
INFO: [ app_begin ] --START--
INFO: Run Think\Behavior\ReadHtmlCache [ RunTime:0.000000s ]
INFO: [ app_begin ] --END-- [ RunTime:0.001000s ]
INFO: [ action_begin ] --START--
INFO: [ action_begin ] --END-- [ RunTime:0.000000s ]

[ 2018-12-29T21:47:11+08:00 ] 127.0.0.1 /index.php/admin/public/login.html
INFO: [ app_begin ] --START--
INFO: Run Think\Behavior\ReadHtmlCache [ RunTime:0.000000s ]
INFO: [ app_begin ] --END-- [ RunTime:0.001000s ]
INFO: [ action_begin ] --START--
INFO: [ action_begin ] --END-- [ RunTime:0.000000s ]

[ 2018-12-29T21:47:17+08:00 ] 127.0.0.1 /index.php/admin/public/login.html
INFO: [ app_begin ] --START--
INFO: Run Think\Behavior\ReadHtmlCache [ RunTime:0.000000s ]
INFO: [ app_begin ] --END-- [ RunTime:0.001000s ]
INFO: [ action_begin ] --START--
INFO: [ action_begin ] --END-- [ RunTime:0.000000s ]
NOTIC: [8192] mysql_connect(): The mysql extension is deprecated and will be removed in the future: use mysqli or PDO instead D:\wamp\www\ThinkPHP\Library\Think\Db\Driver\Mysql.class.php 第 52 行.
ERR: Unknown database 'max'

[ 2018-12-29T21:47:19+08:00 ] 127.0.0.1 /index.php/admin/public/login.html
INFO: [ app_begin ] --START--
INFO: Run Think\Behavior\ReadHtmlCache [ RunTime:0.001000s ]
INFO: [ app_begin ] --END-- [ RunTime:0.001000s ]
INFO: [ action_begin ] --START--
INFO: [ action_begin ] --END-- [ RunTime:0.000000s ]

[ 2018-12-29T21:47:19+08:00 ] 127.0.0.1 /index.php/admin/public/login.html
INFO: [ app_begin ] --START--
INFO: Run Think\Behavior\ReadHtmlCache [ RunTime:0.000000s ]
INFO: [ app_begin ] --END-- [ RunTime:0.001000s ]
INFO: [ action_begin ] --START--
INFO: [ action_begin ] --END-- [ RunTime:0.000000s ]

[ 2018-12-29T21:47:19+08:00 ] 127.0.0.1 /index.php/admin/public/login.html
INFO: [ app_begin ] --START--
INFO: Run Think\Behavior\ReadHtmlCache [ RunTime:0.000000s ]
INFO: [ app_begin ] --END-- [ RunTime:0.001000s ]
INFO: [ action_begin ] --START--
INFO: [ action_begin ] --END-- [ RunTime:0.000000s ]

[ 2018-12-29T21:47:20+08:00 ] 127.0.0.1 /index.php/admin/public/login.html
INFO: [ app_begin ] --START--
INFO: Run Think\Behavior\ReadHtmlCache [ RunTime:0.000000s ]
INFO: [ app_begin ] --END-- [ RunTime:0.001000s ]
INFO: [ action_begin ] --START--
INFO: [ action_begin ] --END-- [ RunTime:0.000000s ]

[ 2018-12-29T21:47:20+08:00 ] 127.0.0.1 /index.php/admin/public/login.html
INFO: [ app_begin ] --START--
INFO: Run Think\Behavior\ReadHtmlCache [ RunTime:0.000000s ]
INFO: [ app_begin ] --END-- [ RunTime:0.000000s ]
INFO: [ action_begin ] --START--
INFO: [ action_begin ] --END-- [ RunTime:0.001001s ]

[ 2018-12-29T21:47:20+08:00 ] 127.0.0.1 /index.php/admin/public/login.html
INFO: [ app_begin ] --START--
INFO: Run Think\Behavior\ReadHtmlCache [ RunTime:0.001000s ]
INFO: [ app_begin ] --END-- [ RunTime:0.001000s ]
INFO: [ action_begin ] --START--
INFO: [ action_begin ] --END-- [ RunTime:0.001000s ]

[ 2018-12-29T21:47:56+08:00 ] 127.0.0.1 /index.php?s=/admin/public/login.html
INFO: [ app_begin ] --START--
INFO: Run Think\Behavior\ReadHtmlCache [ RunTime:0.000000s ]
INFO: [ app_begin ] --END-- [ RunTime:0.001000s ]
INFO: [ action_begin ] --START--
INFO: [ action_begin ] --END-- [ RunTime:0.000000s ]
NOTIC: [8192] mysql_connect(): The mysql extension is deprecated and will be removed in the future: use mysqli or PDO instead D:\wamp\www\ThinkPHP\Library\Think\Db\Driver\Mysql.class.php 第 52 行.
ERR: Unknown database 'max'

[ 2018-12-29T21:48:04+08:00 ] 127.0.0.1 /index.php?s=/admin/public/login.html
INFO: [ app_begin ] --START--
INFO: Run Think\Behavior\ReadHtmlCache [ RunTime:0.000000s ]
INFO: [ app_begin ] --END-- [ RunTime:0.001000s ]
INFO: [ action_begin ] --START--
INFO: [ action_begin ] --END-- [ RunTime:0.001000s ]
NOTIC: [8192] mysql_connect(): The mysql extension is deprecated and will be removed in the future: use mysqli or PDO instead D:\wamp\www\ThinkPHP\Library\Think\Db\Driver\Mysql.class.php 第 52 行.
ERR: Unknown database 'max'

[ 2018-12-29T21:53:37+08:00 ] 127.0.0.1 /index.php?s=/admin/public/login.html
INFO: [ app_begin ] --START--
INFO: Run Think\Behavior\ReadHtmlCache [ RunTime:0.000000s ]
INFO: [ app_begin ] --END-- [ RunTime:0.001000s ]
INFO: [ action_begin ] --START--
INFO: [ action_begin ] --END-- [ RunTime:0.000000s ]
NOTIC: [8192] mysql_connect(): The mysql extension is deprecated and will be removed in the future: use mysqli or PDO instead D:\wamp\www\ThinkPHP\Library\Think\Db\Driver\Mysql.class.php 第 52 行.
ERR: Unknown database 'max'

[ 2018-12-29T21:53:39+08:00 ] 127.0.0.1 /index.php?s=/admin/public/login.html
INFO: [ app_begin ] --START--
INFO: Run Think\Behavior\ReadHtmlCache [ RunTime:0.001000s ]
INFO: [ app_begin ] --END-- [ RunTime:0.001000s ]
INFO: [ action_begin ] --START--
INFO: [ action_begin ] --END-- [ RunTime:0.000000s ]
NOTIC: [8192] mysql_connect(): The mysql extension is deprecated and will be removed in the future: use mysqli or PDO instead D:\wamp\www\ThinkPHP\Library\Think\Db\Driver\Mysql.class.php 第 52 行.
ERR: Unknown database 'max'

[ 2018-12-29T21:53:40+08:00 ] 127.0.0.1 /index.php?s=/admin/public/login.html
INFO: [ app_begin ] --START--
INFO: Run Think\Behavior\ReadHtmlCache [ RunTime:0.000000s ]
INFO: [ app_begin ] --END-- [ RunTime:0.000000s ]
INFO: [ action_begin ] --START--
INFO: [ action_begin ] --END-- [ RunTime:0.000000s ]
NOTIC: [8192] mysql_connect(): The mysql extension is deprecated and will be removed in the future: use mysqli or PDO instead D:\wamp\www\ThinkPHP\Library\Think\Db\Driver\Mysql.class.php 第 52 行.
ERR: Unknown database 'max'

[ 2018-12-29T21:53:40+08:00 ] 127.0.0.1 /index.php?s=/admin/public/login.html
INFO: [ app_begin ] --START--
INFO: Run Think\Behavior\ReadHtmlCache [ RunTime:0.000000s ]
INFO: [ app_begin ] --END-- [ RunTime:0.001000s ]
INFO: [ action_begin ] --START--
INFO: [ action_begin ] --END-- [ RunTime:0.000000s ]
NOTIC: [8192] mysql_connect(): The mysql extension is deprecated and will be removed in the future: use mysqli or PDO instead D:\wamp\www\ThinkPHP\Library\Think\Db\Driver\Mysql.class.php 第 52 行.
ERR: Unknown database 'max'

[ 2018-12-29T21:53:40+08:00 ] 127.0.0.1 /index.php?s=/admin/public/login.html
INFO: [ app_begin ] --START--
INFO: Run Think\Behavior\ReadHtmlCache [ RunTime:0.000000s ]
INFO: [ app_begin ] --END-- [ RunTime:0.001000s ]
INFO: [ action_begin ] --START--
INFO: [ action_begin ] --END-- [ RunTime:0.000000s ]
NOTIC: [8192] mysql_connect(): The mysql extension is deprecated and will be removed in the future: use mysqli or PDO instead D:\wamp\www\ThinkPHP\Library\Think\Db\Driver\Mysql.class.php 第 52 行.
ERR: Unknown database 'max'

[ 2018-12-29T21:53:40+08:00 ] 127.0.0.1 /index.php?s=/admin/public/login.html
INFO: [ app_begin ] --START--
INFO: Run Think\Behavior\ReadHtmlCache [ RunTime:0.000000s ]
INFO: [ app_begin ] --END-- [ RunTime:0.000000s ]
INFO: [ action_begin ] --START--
INFO: [ action_begin ] --END-- [ RunTime:0.000000s ]
NOTIC: [8192] mysql_connect(): The mysql extension is deprecated and will be removed in the future: use mysqli or PDO instead D:\wamp\www\ThinkPHP\Library\Think\Db\Driver\Mysql.class.php 第 52 行.
ERR: Unknown database 'max'

[ 2018-12-29T21:53:41+08:00 ] 127.0.0.1 /index.php?s=/admin/public/login.html
INFO: [ app_begin ] --START--
INFO: Run Think\Behavior\ReadHtmlCache [ RunTime:0.000000s ]
INFO: [ app_begin ] --END-- [ RunTime:0.002000s ]
INFO: [ action_begin ] --START--
INFO: [ action_begin ] --END-- [ RunTime:0.000000s ]
NOTIC: [8192] mysql_connect(): The mysql extension is deprecated and will be removed in the future: use mysqli or PDO instead D:\wamp\www\ThinkPHP\Library\Think\Db\Driver\Mysql.class.php 第 52 行.
ERR: Unknown database 'max'

[ 2018-12-29T21:53:44+08:00 ] 127.0.0.1 /index.php?s=/admin/public/login.html
INFO: [ app_begin ] --START--
INFO: Run Think\Behavior\ReadHtmlCache [ RunTime:0.000000s ]
INFO: [ app_begin ] --END-- [ RunTime:0.001000s ]
INFO: [ action_begin ] --START--
INFO: [ action_begin ] --END-- [ RunTime:0.000000s ]
NOTIC: [8192] mysql_connect(): The mysql extension is deprecated and will be removed in the future: use mysqli or PDO instead D:\wamp\www\ThinkPHP\Library\Think\Db\Driver\Mysql.class.php 第 52 行.
ERR: Unknown database 'max'

[ 2018-12-29T21:54:23+08:00 ] 127.0.0.1 /index.php?s=/admin/public/login.html
INFO: [ app_begin ] --START--
INFO: Run Think\Behavior\ReadHtmlCache [ RunTime:0.000000s ]
INFO: [ app_begin ] --END-- [ RunTime:0.001000s ]
INFO: [ action_begin ] --START--
INFO: [ action_begin ] --END-- [ RunTime:0.000000s ]
NOTIC: [8192] mysql_connect(): The mysql extension is deprecated and will be removed in the future: use mysqli or PDO instead D:\wamp\www\ThinkPHP\Library\Think\Db\Driver\Mysql.class.php 第 52 行.
ERR: Unknown database 'max'

[ 2018-12-29T21:54:39+08:00 ] 127.0.0.1 /index.php?s=/admin/public/login.html
INFO: [ app_begin ] --START--
INFO: Run Think\Behavior\ReadHtmlCache [ RunTime:0.001000s ]
INFO: [ app_begin ] --END-- [ RunTime:0.001000s ]
INFO: [ action_begin ] --START--
INFO: [ action_begin ] --END-- [ RunTime:0.001000s ]
NOTIC: [8192] mysql_connect(): The mysql extension is deprecated and will be removed in the future: use mysqli or PDO instead D:\wamp\www\ThinkPHP\Library\Think\Db\Driver\Mysql.class.php 第 52 行.
ERR: Unknown database 'max'

[ 2018-12-29T21:56:47+08:00 ] 127.0.0.1 /index.php?s=/admin/public/login.html
INFO: [ app_begin ] --START--
INFO: Run Think\Behavior\ReadHtmlCache [ RunTime:0.000000s ]
INFO: [ app_begin ] --END-- [ RunTime:0.001000s ]
INFO: [ action_begin ] --START--
INFO: [ action_begin ] --END-- [ RunTime:0.001000s ]
NOTIC: [8192] mysql_connect(): The mysql extension is deprecated and will be removed in the future: use mysqli or PDO instead D:\wamp\www\ThinkPHP\Library\Think\Db\Driver\Mysql.class.php 第 52 行.
SQL: SHOW COLUMNS FROM `mas_ucenter_member` [ RunTime:0.004000s ]
SQL: SELECT * FROM `mas_ucenter_member` WHERE ( `username` = 'admin' ) LIMIT 1   [ RunTime:0.000000s ]
SQL: UPDATE `mas_ucenter_member` SET `last_login_time`=1546091807,`last_login_ip`='2130706433' WHERE ( `id` = 1 ) [ RunTime:0.000000s ]
NOTIC: [8192] mysql_connect(): The mysql extension is deprecated and will be removed in the future: use mysqli or PDO instead D:\wamp\www\ThinkPHP\Library\Think\Db\Driver\Mysql.class.php 第 52 行.
SQL: SHOW COLUMNS FROM `mas_member` [ RunTime:0.010000s ]
SQL: SELECT `uid`,`nickname`,`sex`,`birthday`,`qq`,`score`,`login`,`reg_ip`,`reg_time`,`last_login_ip`,`last_login_time`,`status` FROM `mas_member` WHERE ( `uid` = 1 ) LIMIT 1   [ RunTime:0.001000s ]
SQL: SHOW COLUMNS FROM `mas_action` [ RunTime:0.009001s ]
SQL: SELECT * FROM `mas_action` WHERE ( `name` = 'user_login' ) LIMIT 1   [ RunTime:0.014001s ]
SQL: UPDATE `mas_member` SET `login`=`login`+1,`last_login_time`=1546091807,`last_login_ip`='2130706433' WHERE ( `uid` = 1 ) [ RunTime:0.001000s ]

[ 2018-12-29T21:57:17+08:00 ] 127.0.0.1 /index.php?s=/admin/article/setstatus/status/-1/ids/106.html
INFO: [ app_begin ] --START--
INFO: Run Think\Behavior\ReadHtmlCache [ RunTime:0.000000s ]
INFO: [ app_begin ] --END-- [ RunTime:0.000000s ]
INFO: [ action_begin ] --START--
INFO: [ action_begin ] --END-- [ RunTime:0.000000s ]
NOTIC: [8192] mysql_connect(): The mysql extension is deprecated and will be removed in the future: use mysqli or PDO instead D:\wamp\www\ThinkPHP\Library\Think\Db\Driver\Mysql.class.php 第 52 行.
SQL: SHOW COLUMNS FROM `mas_document` [ RunTime:0.005001s ]
SQL: UPDATE `mas_document` SET `status`=-1,`update_time`=1546091837 WHERE ( `id` = 106 ) [ RunTime:0.001000s ]

[ 2018-12-29T21:57:20+08:00 ] 127.0.0.1 /index.php?s=/admin/article/setstatus/status/-1/ids/105.html
INFO: [ app_begin ] --START--
INFO: Run Think\Behavior\ReadHtmlCache [ RunTime:0.000000s ]
INFO: [ app_begin ] --END-- [ RunTime:0.001000s ]
INFO: [ action_begin ] --START--
INFO: [ action_begin ] --END-- [ RunTime:0.000000s ]
NOTIC: [8192] mysql_connect(): The mysql extension is deprecated and will be removed in the future: use mysqli or PDO instead D:\wamp\www\ThinkPHP\Library\Think\Db\Driver\Mysql.class.php 第 52 行.
SQL: SHOW COLUMNS FROM `mas_document` [ RunTime:0.004000s ]
SQL: UPDATE `mas_document` SET `status`=-1,`update_time`=1546091840 WHERE ( `id` = 105 ) [ RunTime:0.000000s ]

[ 2018-12-29T21:57:23+08:00 ] 127.0.0.1 /index.php?s=/admin/article/setstatus/status/-1/ids/103.html
INFO: [ app_begin ] --START--
INFO: Run Think\Behavior\ReadHtmlCache [ RunTime:0.000000s ]
INFO: [ app_begin ] --END-- [ RunTime:0.001000s ]
INFO: [ action_begin ] --START--
INFO: [ action_begin ] --END-- [ RunTime:0.000000s ]
NOTIC: [8192] mysql_connect(): The mysql extension is deprecated and will be removed in the future: use mysqli or PDO instead D:\wamp\www\ThinkPHP\Library\Think\Db\Driver\Mysql.class.php 第 52 行.
SQL: SHOW COLUMNS FROM `mas_document` [ RunTime:0.005001s ]
SQL: UPDATE `mas_document` SET `status`=-1,`update_time`=1546091843 WHERE ( `id` = 103 ) [ RunTime:0.000000s ]

[ 2018-12-29T22:00:56+08:00 ] 127.0.0.1 /index.php?s=/admin/channel/add/pid/0.html
INFO: [ app_begin ] --START--
INFO: Run Think\Behavior\ReadHtmlCache [ RunTime:0.001000s ]
INFO: [ app_begin ] --END-- [ RunTime:0.001000s ]
INFO: [ action_begin ] --START--
INFO: [ action_begin ] --END-- [ RunTime:0.000000s ]
NOTIC: [8192] mysql_connect(): The mysql extension is deprecated and will be removed in the future: use mysqli or PDO instead D:\wamp\www\ThinkPHP\Library\Think\Db\Driver\Mysql.class.php 第 52 行.
SQL: SHOW COLUMNS FROM `mas_channel` [ RunTime:0.007001s ]
SQL: INSERT INTO `mas_channel` (`pid`,`title`,`entitle`,`twtitle`,`url`,`sort`,`id`,`create_time`,`update_time`,`status`) VALUES (0,'联系我们','contact us','聯系我們','/home/contact/index',0,0,1546092056,1546092056,1) [ RunTime:0.001000s ]

[ 2018-12-29T22:02:24+08:00 ] 127.0.0.1 /index.php?s=/admin/channel/edit/id/2/pid/0.html
INFO: [ app_begin ] --START--
INFO: Run Think\Behavior\ReadHtmlCache [ RunTime:0.001000s ]
INFO: [ app_begin ] --END-- [ RunTime:0.001000s ]
INFO: [ action_begin ] --START--
INFO: [ action_begin ] --END-- [ RunTime:0.001000s ]
NOTIC: [8192] mysql_connect(): The mysql extension is deprecated and will be removed in the future: use mysqli or PDO instead D:\wamp\www\ThinkPHP\Library\Think\Db\Driver\Mysql.class.php 第 52 行.
SQL: SHOW COLUMNS FROM `mas_channel` [ RunTime:0.004000s ]
SQL: UPDATE `mas_channel` SET `pid`=0,`title`='公司简介',`entitle`='company profile',`twtitle`='公司簡介',`url`='/home/company/index',`sort`=2,`update_time`=1546092144,`status`=1 WHERE ( `id` = 2 ) [ RunTime:0.000000s ]
SQL: SHOW COLUMNS FROM `mas_action` [ RunTime:0.004001s ]
SQL: SELECT * FROM `mas_action` WHERE ( `name` = 'update_channel' ) LIMIT 1   [ RunTime:0.001000s ]

[ 2018-12-29T22:02:36+08:00 ] 127.0.0.1 /index.php?s=/admin/channel/edit/id/12/pid/0.html
INFO: [ app_begin ] --START--
INFO: Run Think\Behavior\ReadHtmlCache [ RunTime:0.000000s ]
INFO: [ app_begin ] --END-- [ RunTime:0.001000s ]
INFO: [ action_begin ] --START--
INFO: [ action_begin ] --END-- [ RunTime:0.000000s ]
NOTIC: [8192] mysql_connect(): The mysql extension is deprecated and will be removed in the future: use mysqli or PDO instead D:\wamp\www\ThinkPHP\Library\Think\Db\Driver\Mysql.class.php 第 52 行.
SQL: SHOW COLUMNS FROM `mas_channel` [ RunTime:0.005000s ]
SQL: UPDATE `mas_channel` SET `pid`=0,`title`='联系我们',`entitle`='contact us',`twtitle`='聯系我們',`url`='/home/contact/index',`sort`=5,`update_time`=1546092156,`status`=1 WHERE ( `id` = 12 ) [ RunTime:0.001000s ]
SQL: SHOW COLUMNS FROM `mas_action` [ RunTime:0.004000s ]
SQL: SELECT * FROM `mas_action` WHERE ( `name` = 'update_channel' ) LIMIT 1   [ RunTime:0.000000s ]

[ 2018-12-29T22:02:52+08:00 ] 127.0.0.1 /index.php?s=/admin/channel/edit/id/3/pid/0.html
INFO: [ app_begin ] --START--
INFO: Run Think\Behavior\ReadHtmlCache [ RunTime:0.000000s ]
INFO: [ app_begin ] --END-- [ RunTime:0.001000s ]
INFO: [ action_begin ] --START--
INFO: [ action_begin ] --END-- [ RunTime:0.000000s ]
NOTIC: [8192] mysql_connect(): The mysql extension is deprecated and will be removed in the future: use mysqli or PDO instead D:\wamp\www\ThinkPHP\Library\Think\Db\Driver\Mysql.class.php 第 52 行.
SQL: SHOW COLUMNS FROM `mas_channel` [ RunTime:0.004000s ]
SQL: UPDATE `mas_channel` SET `pid`=0,`title`='设计团队',`entitle`='design team',`twtitle`='設計團隊',`url`='/home/team/team',`sort`=3,`update_time`=1546092172,`status`=1 WHERE ( `id` = 3 ) [ RunTime:0.001000s ]
SQL: SHOW COLUMNS FROM `mas_action` [ RunTime:0.005001s ]
SQL: SELECT * FROM `mas_action` WHERE ( `name` = 'update_channel' ) LIMIT 1   [ RunTime:0.000000s ]

[ 2018-12-29T22:03:30+08:00 ] 127.0.0.1 /index.php?s=/admin/channel/edit/id/11/pid/0.html
INFO: [ app_begin ] --START--
INFO: Run Think\Behavior\ReadHtmlCache [ RunTime:0.000000s ]
INFO: [ app_begin ] --END-- [ RunTime:0.001000s ]
INFO: [ action_begin ] --START--
INFO: [ action_begin ] --END-- [ RunTime:0.000000s ]
NOTIC: [8192] mysql_connect(): The mysql extension is deprecated and will be removed in the future: use mysqli or PDO instead D:\wamp\www\ThinkPHP\Library\Think\Db\Driver\Mysql.class.php 第 52 行.
SQL: SHOW COLUMNS FROM `mas_channel` [ RunTime:0.004000s ]
SQL: UPDATE `mas_channel` SET `pid`=0,`title`='设计作品',`entitle`='works show',`twtitle`='設計作品',`url`='/home/work/index',`sort`=4,`update_time`=1546092210,`status`=1 WHERE ( `id` = 11 ) [ RunTime:0.001000s ]
SQL: SHOW COLUMNS FROM `mas_action` [ RunTime:0.005000s ]
SQL: SELECT * FROM `mas_action` WHERE ( `name` = 'update_channel' ) LIMIT 1   [ RunTime:0.000000s ]

[ 2018-12-29T22:04:02+08:00 ] 127.0.0.1 /index.php?s=/admin/channel/edit/id/1/pid/0.html
INFO: [ app_begin ] --START--
INFO: Run Think\Behavior\ReadHtmlCache [ RunTime:0.001000s ]
INFO: [ app_begin ] --END-- [ RunTime:0.001000s ]
INFO: [ action_begin ] --START--
INFO: [ action_begin ] --END-- [ RunTime:0.000000s ]
NOTIC: [8192] mysql_connect(): The mysql extension is deprecated and will be removed in the future: use mysqli or PDO instead D:\wamp\www\ThinkPHP\Library\Think\Db\Driver\Mysql.class.php 第 52 行.
SQL: SHOW COLUMNS FROM `mas_channel` [ RunTime:0.005000s ]
SQL: UPDATE `mas_channel` SET `pid`=0,`title`='首页',`entitle`='home',`twtitle`='首頁',`url`='/',`sort`=10,`update_time`=1546092242,`status`=1 WHERE ( `id` = 1 ) [ RunTime:0.000000s ]
SQL: SHOW COLUMNS FROM `mas_action` [ RunTime:0.004000s ]
SQL: SELECT * FROM `mas_action` WHERE ( `name` = 'update_channel' ) LIMIT 1   [ RunTime:0.000000s ]

[ 2018-12-29T22:12:18+08:00 ] 127.0.0.1 /home/company/companyprofile.html
ERR: 非法操作:companyprofile

[ 2018-12-29T22:21:15+08:00 ] 127.0.0.1 /home/team/designTeam.html
ERR: 非法操作:designteam

[ 2018-12-29T22:22:28+08:00 ] 127.0.0.1 /home/team/designTeam_cooperate.html
ERR: 非法操作:designteam_cooperate

[ 2018-12-29T22:29:50+08:00 ] 127.0.0.1 /home/company/companyprofile.html
ERR: 非法操作:companyprofile

[ 2018-12-29T22:30:03+08:00 ] 127.0.0.1 /home/company/companyprofile.html
ERR: 非法操作:companyprofile

